W tensorflow/core/platform/cpu_feature_guard.cc:45] The TensorFlow library wasn't compiled to use SSE3 instructions, but these are available on your machine and could speed up CPU computations.
W tensorflow/core/platform/cpu_feature_guard.cc:45] The TensorFlow library wasn't compiled to use SSE4.1 instructions, but these are available on your machine and could speed up CPU computations.
W tensorflow/core/platform/cpu_feature_guard.cc:45] The TensorFlow library wasn't compiled to use SSE4.2 instructions, but these are available on your machine and could speed up CPU computations.
W tensorflow/core/platform/cpu_feature_guard.cc:45] The TensorFlow library wasn't compiled to use AVX instructions, but these are available on your machine and could speed up CPU computations.
W tensorflow/core/platform/cpu_feature_guard.cc:45] The TensorFlow library wasn't compiled to use AVX2 instructions, but these are available on your machine and could speed up CPU computations.
W tensorflow/core/platform/cpu_feature_guard.cc:45] The TensorFlow library wasn't compiled to use FMA instructions, but these are available on your machine and could speed up CPU computations.
Initialized
Average loss at step 2000 : 4.25810317993
Average loss at step 4000 : 3.68357986963
Average loss at step 6000 : 3.46415994644
Average loss at step 8000 : 3.32230153751
Average loss at step 10000 : 3.24332711041
Average loss at step 12000 : 3.26913380492
Average loss at step 14000 : 3.35458500612
Average loss at step 16000 : 3.49111456525
Average loss at step 18000 : 3.41557405055
Average loss at step 20000 : 3.38427478874
Average loss at step 22000 : 3.35815632272
Average loss at step 24000 : 3.27832756126
Average loss at step 26000 : 3.24135371041
Average loss at step 28000 : 3.10454771566
Average loss at step 30000 : 3.10920030761
Average loss at step 32000 : 3.45624949884
Average loss at step 34000 : 3.18813396668
Average loss at step 36000 : 3.05950618267
Average loss at step 38000 : 2.99149417078
Average loss at step 40000 : 3.5982188983
Average loss at step 42000 : 3.81984916264
Average loss at step 44000 : 3.56761809719
Average loss at step 46000 : 3.45986439568
Average loss at step 48000 : 3.50149939802
Average loss at step 50000 : 3.41061170226
Average loss at step 52000 : 3.39542193258
Average loss at step 54000 : 3.29000867397
Average loss at step 56000 : 3.42881694627
Average loss at step 58000 : 3.52585480416
Average loss at step 60000 : 3.43174316877
Average loss at step 62000 : 3.42751861829
Average loss at step 64000 : 3.48502106714
Average loss at step 66000 : 3.41058220315
Average loss at step 68000 : 3.35223687862
Average loss at step 70000 : 3.42834808972
Average loss at step 72000 : 3.41120239508
Average loss at step 74000 : 3.36227127451
Average loss at step 76000 : 3.23569716449
Average loss at step 78000 : 3.29084123778
Average loss at step 80000 : 3.21748844925
Average loss at step 82000 : 3.21615836996
Average loss at step 84000 : 3.27434152603
Average loss at step 86000 : 3.25271469772
Average loss at step 88000 : 3.32318372396
Average loss at step 90000 : 3.25638010973
Average loss at step 92000 : 3.24409484637
Average loss at step 94000 : 3.2506716204
Average loss at step 96000 : 3.19190078634
Average loss at step 98000 : 3.17822750521
Average loss at step 100000 : 3.17569746494

: capital-common-countries



: capital-world



: currency



: city-in-state



: family



: gram1-adjective-to-adverb



: gram2-opposite



: gram3-comparative



: gram4-superlative



: gram5-present-participle



: gram6-nationality-adjective



: gram7-past-tense



: gram8-plural



: gram9-plural-verbs


Initialized
Average loss at step 2000 : 4.20672708511
Average loss at step 4000 : 3.62974450731
Average loss at step 6000 : 3.42343708813
Average loss at step 8000 : 3.27898582923
Average loss at step 10000 : 3.19729493678
Average loss at step 12000 : 3.2195334307
Average loss at step 14000 : 3.30932091641
Average loss at step 16000 : 3.44047788736
Average loss at step 18000 : 3.38303458351
Average loss at step 20000 : 3.34683539701
Average loss at step 22000 : 3.31783802676
Average loss at step 24000 : 3.23286416149
Average loss at step 26000 : 3.2063476308
Average loss at step 28000 : 3.04243496501
Average loss at step 30000 : 3.05252342308
Average loss at step 32000 : 3.38260400164
Average loss at step 34000 : 3.11247484291
Average loss at step 36000 : 2.98957998574
Average loss at step 38000 : 2.91253478086
Average loss at step 40000 : 3.50263327944
Average loss at step 42000 : 3.74347115067
Average loss at step 44000 : 3.47146133941
Average loss at step 46000 : 3.37490463161
Average loss at step 48000 : 3.41011367369
Average loss at step 50000 : 3.31874345109
Average loss at step 52000 : 3.29788708404
Average loss at step 54000 : 3.17813975304
Average loss at step 56000 : 3.33676714236
Average loss at step 58000 : 3.45415858823
Average loss at step 60000 : 3.34658132821
Average loss at step 62000 : 3.33707217705
Average loss at step 64000 : 3.40168061888
Average loss at step 66000 : 3.32577035356
Average loss at step 68000 : 3.26497972562
Average loss at step 70000 : 3.35683973294
Average loss at step 72000 : 3.33505133633
Average loss at step 74000 : 3.28403489876
Average loss at step 76000 : 3.13395305479
Average loss at step 78000 : 3.2085263755
Average loss at step 80000 : 3.11816848934
Average loss at step 82000 : 3.12326873627
Average loss at step 84000 : 3.17146526963
Average loss at step 86000 : 3.15472658688
Average loss at step 88000 : 3.23323447458
Average loss at step 90000 : 3.16095737839
Average loss at step 92000 : 3.1458743414
Average loss at step 94000 : 3.15459539099
Average loss at step 96000 : 3.09016876566
Average loss at step 98000 : 3.06965633233
Average loss at step 100000 : 3.05984132171

: capital-common-countries



: capital-world



: currency



: city-in-state



: family



: gram1-adjective-to-adverb



: gram2-opposite



: gram3-comparative



: gram4-superlative



: gram5-present-participle



: gram6-nationality-adjective



: gram7-past-tense



: gram8-plural



: gram9-plural-verbs


Initialized
Average loss at step 2000 : 4.16513646364
Average loss at step 4000 : 3.61324848557
Average loss at step 6000 : 3.40725749314
Average loss at step 8000 : 3.25529993188
Average loss at step 10000 : 3.17927537799
Average loss at step 12000 : 3.20106498718
Average loss at step 14000 : 3.30002469873
Average loss at step 16000 : 3.42724628723
Average loss at step 18000 : 3.36914385474
Average loss at step 20000 : 3.32975811779
Average loss at step 22000 : 3.30699884284
Average loss at step 24000 : 3.20670267999
Average loss at step 26000 : 3.19871286035
Average loss at step 28000 : 3.03050290811
Average loss at step 30000 : 3.04059337342
Average loss at step 32000 : 3.34701155818
Average loss at step 34000 : 3.07504808474
Average loss at step 36000 : 2.95548262018
Average loss at step 38000 : 2.88789902419
Average loss at step 40000 : 3.45447704202
Average loss at step 42000 : 3.7062433428
Average loss at step 44000 : 3.43790206426
Average loss at step 46000 : 3.33490021783
Average loss at step 48000 : 3.37470848033
Average loss at step 50000 : 3.27776382554
Average loss at step 52000 : 3.25755382562
Average loss at step 54000 : 3.12013811356
Average loss at step 56000 : 3.30395668632
Average loss at step 58000 : 3.4299566204
Average loss at step 60000 : 3.31483623785
Average loss at step 62000 : 3.30352701122
Average loss at step 64000 : 3.37201719683
Average loss at step 66000 : 3.28830800092
Average loss at step 68000 : 3.23607902491
Average loss at step 70000 : 3.33824775825
Average loss at step 72000 : 3.31389518465
Average loss at step 74000 : 3.25542289317
Average loss at step 76000 : 3.10356136005
Average loss at step 78000 : 3.17294654459
Average loss at step 80000 : 3.07920914848
Average loss at step 82000 : 3.08724585383
Average loss at step 84000 : 3.13180570358
Average loss at step 86000 : 3.12013196832
Average loss at step 88000 : 3.20383861357
Average loss at step 90000 : 3.12323066643
Average loss at step 92000 : 3.11631244984
Average loss at step 94000 : 3.11949905017
Average loss at step 96000 : 3.04872294232
Average loss at step 98000 : 3.03314240143
Average loss at step 100000 : 3.01702378829

: capital-common-countries



: capital-world



: currency



: city-in-state



: family



: gram1-adjective-to-adverb



: gram2-opposite



: gram3-comparative



: gram4-superlative



: gram5-present-participle



: gram6-nationality-adjective



: gram7-past-tense



: gram8-plural



: gram9-plural-verbs


Initialized
Average loss at step 2000 : 4.15002723885
Average loss at step 4000 : 3.60417730904
Average loss at step 6000 : 3.40182802701
Average loss at step 8000 : 3.2449423579
Average loss at step 10000 : 3.16635047352
Average loss at step 12000 : 3.19405666327
Average loss at step 14000 : 3.29073901367
Average loss at step 16000 : 3.41422089541
Average loss at step 18000 : 3.35646122068
Average loss at step 20000 : 3.31750704098
Average loss at step 22000 : 3.29594591224
Average loss at step 24000 : 3.20308123505
Average loss at step 26000 : 3.20103020751
Average loss at step 28000 : 3.02069250798
Average loss at step 30000 : 3.02854264891
Average loss at step 32000 : 3.33278888357
Average loss at step 34000 : 3.06180672073
Average loss at step 36000 : 2.94471432078
Average loss at step 38000 : 2.87131278628
Average loss at step 40000 : 3.43758109677
Average loss at step 42000 : 3.68143914957
Average loss at step 44000 : 3.41341391844
Average loss at step 46000 : 3.31266698277
Average loss at step 48000 : 3.35309888107
Average loss at step 50000 : 3.25755414981
Average loss at step 52000 : 3.23846079005
Average loss at step 54000 : 3.09163793877
Average loss at step 56000 : 3.28668135968
Average loss at step 58000 : 3.41340997756
Average loss at step 60000 : 3.28890993345
Average loss at step 62000 : 3.28063693112
Average loss at step 64000 : 3.35884861577
Average loss at step 66000 : 3.26640482527
Average loss at step 68000 : 3.21754484177
Average loss at step 70000 : 3.32657297829
Average loss at step 72000 : 3.29610509056
Average loss at step 74000 : 3.24188426703
Average loss at step 76000 : 3.07812372174
Average loss at step 78000 : 3.15548297027
Average loss at step 80000 : 3.0660808259
Average loss at step 82000 : 3.05917621675
Average loss at step 84000 : 3.11014583772
Average loss at step 86000 : 3.10915546829
Average loss at step 88000 : 3.18598234217
Average loss at step 90000 : 3.10095058095
Average loss at step 92000 : 3.09250324884
Average loss at step 94000 : 3.10069647908
Average loss at step 96000 : 3.02589764345
Average loss at step 98000 : 3.00921653692
Average loss at step 100000 : 2.98501037937

: capital-common-countries



: capital-world



: currency



: city-in-state



: family



: gram1-adjective-to-adverb



: gram2-opposite



: gram3-comparative



: gram4-superlative



: gram5-present-participle



: gram6-nationality-adjective



: gram7-past-tense



: gram8-plural



: gram9-plural-verbs


Initialized
Average loss at step 2000 : 4.13783444548
Average loss at step 4000 : 3.59585885918
Average loss at step 6000 : 3.39665378356
Average loss at step 8000 : 3.24250163734
Average loss at step 10000 : 3.15957332706
Average loss at step 12000 : 3.19209382045
Average loss at step 14000 : 3.28499220073
Average loss at step 16000 : 3.41105336916
Average loss at step 18000 : 3.35322730201
Average loss at step 20000 : 3.32346887708
Average loss at step 22000 : 3.29080176306
Average loss at step 24000 : 3.19074188888
Average loss at step 26000 : 3.19602017373
Average loss at step 28000 : 3.01316466129
Average loss at step 30000 : 3.02750192368
Average loss at step 32000 : 3.32475888997
Average loss at step 34000 : 3.05288664353
Average loss at step 36000 : 2.92519875669
Average loss at step 38000 : 2.86465032774
Average loss at step 40000 : 3.40840889865
Average loss at step 42000 : 3.67227165528
Average loss at step 44000 : 3.39643657446
Average loss at step 46000 : 3.29020906484
Average loss at step 48000 : 3.33333331996
Average loss at step 50000 : 3.23350243846
Average loss at step 52000 : 3.21788677545
Average loss at step 54000 : 3.05649410406
Average loss at step 56000 : 3.26560758206
Average loss at step 58000 : 3.40301414031
Average loss at step 60000 : 3.27548508555
Average loss at step 62000 : 3.26216879386
Average loss at step 64000 : 3.3420106076
Average loss at step 66000 : 3.25138438636
Average loss at step 68000 : 3.20140497117
Average loss at step 70000 : 3.31705044472
Average loss at step 72000 : 3.28696697778
Average loss at step 74000 : 3.23252191341
Average loss at step 76000 : 3.05855518979
Average loss at step 78000 : 3.13224482542
Average loss at step 80000 : 3.04563750339
Average loss at step 82000 : 3.04258479086
Average loss at step 84000 : 3.09284653631
Average loss at step 86000 : 3.08728408358
Average loss at step 88000 : 3.17601741008
Average loss at step 90000 : 3.08095907602
Average loss at step 92000 : 3.08316872859
Average loss at step 94000 : 3.08950463486
Average loss at step 96000 : 3.01003181893
Average loss at step 98000 : 2.99577305134
Average loss at step 100000 : 2.96181606751

: capital-common-countries



: capital-world



: currency



: city-in-state



: family



: gram1-adjective-to-adverb



: gram2-opposite



: gram3-comparative



: gram4-superlative



: gram5-present-participle



: gram6-nationality-adjective



: gram7-past-tense



: gram8-plural



: gram9-plural-verbs


Initialized
Average loss at step 2000 : 4.12427847755
Average loss at step 4000 : 3.58620122671
Average loss at step 6000 : 3.38127838349
Average loss at step 8000 : 3.23756531847
Average loss at step 10000 : 3.15310824287
Average loss at step 12000 : 3.19200097716
Average loss at step 14000 : 3.28219739151
Average loss at step 16000 : 3.40241913152
Average loss at step 18000 : 3.35197695506
Average loss at step 20000 : 3.31975017035
Average loss at step 22000 : 3.28786751771
Average loss at step 24000 : 3.18738862014
Average loss at step 26000 : 3.19152773303
Average loss at step 28000 : 3.01815786183
Average loss at step 30000 : 3.02092261147
Average loss at step 32000 : 3.31401720899
Average loss at step 34000 : 3.05240481532
Average loss at step 36000 : 2.92179503018
Average loss at step 38000 : 2.85861292076
Average loss at step 40000 : 3.39020305568
Average loss at step 42000 : 3.65367135198
Average loss at step 44000 : 3.3791991111
Average loss at step 46000 : 3.27998391888
Average loss at step 48000 : 3.32009141785
Average loss at step 50000 : 3.21774778217
Average loss at step 52000 : 3.20373451472
Average loss at step 54000 : 3.03854712263
Average loss at step 56000 : 3.25190589538
Average loss at step 58000 : 3.39160288453
Average loss at step 60000 : 3.25778641236
Average loss at step 62000 : 3.2470116033
Average loss at step 64000 : 3.33438869458
Average loss at step 66000 : 3.23728796005
Average loss at step 68000 : 3.19565864414
Average loss at step 70000 : 3.30904366757
Average loss at step 72000 : 3.28630502087
Average loss at step 74000 : 3.22341391438
Average loss at step 76000 : 3.04960272571
Average loss at step 78000 : 3.12024850675
Average loss at step 80000 : 3.03823960209
Average loss at step 82000 : 3.03162930843
Average loss at step 84000 : 3.07952571943
Average loss at step 86000 : 3.07624999329
Average loss at step 88000 : 3.16096068067
Average loss at step 90000 : 3.06909312402
Average loss at step 92000 : 3.07353054896
Average loss at step 94000 : 3.07888357443
Average loss at step 96000 : 2.99931982729
Average loss at step 98000 : 2.97607292709
Average loss at step 100000 : 2.95217307107

: capital-common-countries



: capital-world



: currency



: city-in-state



: family



: gram1-adjective-to-adverb



: gram2-opposite



: gram3-comparative



: gram4-superlative



: gram5-present-participle



: gram6-nationality-adjective



: gram7-past-tense



: gram8-plural



: gram9-plural-verbs


Initialized
Average loss at step 2000 : 4.11874811864
Average loss at step 4000 : 3.59137234652
Average loss at step 6000 : 3.38536558485
Average loss at step 8000 : 3.23531329012
Average loss at step 10000 : 3.14715668321
Average loss at step 12000 : 3.18638021684
Average loss at step 14000 : 3.2798812592
Average loss at step 16000 : 3.40376531804
Average loss at step 18000 : 3.34754461575
Average loss at step 20000 : 3.31718760276
Average loss at step 22000 : 3.28973829174
Average loss at step 24000 : 3.18173067617
Average loss at step 26000 : 3.19403501511
Average loss at step 28000 : 3.01200077856
Average loss at step 30000 : 3.01565253711
Average loss at step 32000 : 3.30251803005
Average loss at step 34000 : 3.038377545
Average loss at step 36000 : 2.91600413108
Average loss at step 38000 : 2.85165309578
Average loss at step 40000 : 3.37183562255
Average loss at step 42000 : 3.64963868701
Average loss at step 44000 : 3.3753784101
Average loss at step 46000 : 3.26487971026
Average loss at step 48000 : 3.31287145722
Average loss at step 50000 : 3.20387381393
Average loss at step 52000 : 3.191585081
Average loss at step 54000 : 3.01558588076
Average loss at step 56000 : 3.24388895106
Average loss at step 58000 : 3.38714754236
Average loss at step 60000 : 3.24983867615
Average loss at step 62000 : 3.23581073892
Average loss at step 64000 : 3.32777350235
Average loss at step 66000 : 3.23161931527
Average loss at step 68000 : 3.18676201304
Average loss at step 70000 : 3.30825752799
Average loss at step 72000 : 3.27256205693
Average loss at step 74000 : 3.21679040152
Average loss at step 76000 : 3.04055153537
Average loss at step 78000 : 3.11189315405
Average loss at step 80000 : 3.02321133557
Average loss at step 82000 : 3.02579100233
Average loss at step 84000 : 3.07177708477
Average loss at step 86000 : 3.06488450986
Average loss at step 88000 : 3.15698559836
Average loss at step 90000 : 3.0583593365
Average loss at step 92000 : 3.06170567352
Average loss at step 94000 : 3.07148162681
Average loss at step 96000 : 2.99134409285
Average loss at step 98000 : 2.97446950486
Average loss at step 100000 : 2.93707535056

: capital-common-countries



: capital-world



: currency



: city-in-state



: family



: gram1-adjective-to-adverb



: gram2-opposite



: gram3-comparative



: gram4-superlative



: gram5-present-participle



: gram6-nationality-adjective



: gram7-past-tense



: gram8-plural



: gram9-plural-verbs


Initialized
Average loss at step 2000 : 4.11575745142
Average loss at step 4000 : 3.58618793166
Average loss at step 6000 : 3.38522153521
Average loss at step 8000 : 3.24124371552
Average loss at step 10000 : 3.14674208736
Average loss at step 12000 : 3.18631440556
Average loss at step 14000 : 3.27780735111
Average loss at step 16000 : 3.40957707751
Average loss at step 18000 : 3.35223450935
Average loss at step 20000 : 3.31939437103
Average loss at step 22000 : 3.2893418237
Average loss at step 24000 : 3.18541247857
Average loss at step 26000 : 3.1948904404
Average loss at step 28000 : 3.0044980644
Average loss at step 30000 : 3.01331398511
Average loss at step 32000 : 3.29232430315
Average loss at step 34000 : 3.03888413841
Average loss at step 36000 : 2.91220147967
Average loss at step 38000 : 2.85065257555
Average loss at step 40000 : 3.35976964188
Average loss at step 42000 : 3.63950591909
Average loss at step 44000 : 3.35395591062
Average loss at step 46000 : 3.25684323651
Average loss at step 48000 : 3.30952724651
Average loss at step 50000 : 3.19819260958
Average loss at step 52000 : 3.18357399636
Average loss at step 54000 : 2.99634576565
Average loss at step 56000 : 3.23939093132
Average loss at step 58000 : 3.37707421356
Average loss at step 60000 : 3.24211588055
Average loss at step 62000 : 3.22629233962
Average loss at step 64000 : 3.32574572164
Average loss at step 66000 : 3.22197100204
Average loss at step 68000 : 3.18151765592
Average loss at step 70000 : 3.30677420361
Average loss at step 72000 : 3.27299727887
Average loss at step 74000 : 3.21085269201
Average loss at step 76000 : 3.02763426272
Average loss at step 78000 : 3.0994561023
Average loss at step 80000 : 3.01811491877
Average loss at step 82000 : 3.01342774293
Average loss at step 84000 : 3.06117247704
Average loss at step 86000 : 3.06164029288
Average loss at step 88000 : 3.15474350858
Average loss at step 90000 : 3.05327359238
Average loss at step 92000 : 3.05647974068
Average loss at step 94000 : 3.0709345763
Average loss at step 96000 : 2.98605402365
Average loss at step 98000 : 2.96148347912
Average loss at step 100000 : 2.92574010935

: capital-common-countries



: capital-world



: currency



: city-in-state



: family



: gram1-adjective-to-adverb



: gram2-opposite



: gram3-comparative



: gram4-superlative



: gram5-present-participle



: gram6-nationality-adjective



: gram7-past-tense



: gram8-plural



: gram9-plural-verbs


Initialized
Average loss at step 2000 : 4.11421233654
Average loss at step 4000 : 3.59241471279
Average loss at step 6000 : 3.38994133139
Average loss at step 8000 : 3.23547734976
Average loss at step 10000 : 3.15205340397
Average loss at step 12000 : 3.18208988976
Average loss at step 14000 : 3.28016427279
Average loss at step 16000 : 3.40600641754
Average loss at step 18000 : 3.34647078049
Average loss at step 20000 : 3.32495366657
Average loss at step 22000 : 3.28575416744
Average loss at step 24000 : 3.17843454695
Average loss at step 26000 : 3.19673353851
Average loss at step 28000 : 3.00654948688
Average loss at step 30000 : 3.0188046174
Average loss at step 32000 : 3.29456806457
Average loss at step 34000 : 3.04074629706
Average loss at step 36000 : 2.90889454281
Average loss at step 38000 : 2.84716517252
Average loss at step 40000 : 3.35642313027
Average loss at step 42000 : 3.62918792721
Average loss at step 44000 : 3.3417023825
Average loss at step 46000 : 3.24751318648
Average loss at step 48000 : 3.29447548804
Average loss at step 50000 : 3.18413848907
Average loss at step 52000 : 3.17690193749
Average loss at step 54000 : 2.98048899662
Average loss at step 56000 : 3.22895534955
Average loss at step 58000 : 3.37391358656
Average loss at step 60000 : 3.23572203296
Average loss at step 62000 : 3.22081515086
Average loss at step 64000 : 3.31264391011
Average loss at step 66000 : 3.21044664824
Average loss at step 68000 : 3.17516045165
Average loss at step 70000 : 3.30775118207
Average loss at step 72000 : 3.27134165902
Average loss at step 74000 : 3.20927813685
Average loss at step 76000 : 3.01936157089
Average loss at step 78000 : 3.09665648216
Average loss at step 80000 : 3.01194723643
Average loss at step 82000 : 3.0061660161
Average loss at step 84000 : 3.05274102679
Average loss at step 86000 : 3.05750412449
Average loss at step 88000 : 3.1513116332
Average loss at step 90000 : 3.04454557654
Average loss at step 92000 : 3.05313736652
Average loss at step 94000 : 3.06649012224
Average loss at step 96000 : 2.97309755778
Average loss at step 98000 : 2.95688562832
Average loss at step 100000 : 2.9169278344

: capital-common-countries



: capital-world



: currency



: city-in-state



: family



: gram1-adjective-to-adverb



: gram2-opposite



: gram3-comparative



: gram4-superlative



: gram5-present-participle



: gram6-nationality-adjective



: gram7-past-tense



: gram8-plural



: gram9-plural-verbs


Initialized
Average loss at step 2000 : 4.10223889184
Average loss at step 4000 : 3.59157616735
Average loss at step 6000 : 3.38544976676
Average loss at step 8000 : 3.24060040259
Average loss at step 10000 : 3.15237877595
Average loss at step 12000 : 3.18217259133
Average loss at step 14000 : 3.28473896718
Average loss at step 16000 : 3.40500774962
Average loss at step 18000 : 3.34703082502
Average loss at step 20000 : 3.32217821288
Average loss at step 22000 : 3.28643849385
Average loss at step 24000 : 3.1851249088
Average loss at step 26000 : 3.19618625063
Average loss at step 28000 : 3.01352381647
Average loss at step 30000 : 3.012524526
Average loss at step 32000 : 3.28857980114
Average loss at step 34000 : 3.03352965659
Average loss at step 36000 : 2.90713469583
Average loss at step 38000 : 2.84313876468
Average loss at step 40000 : 3.34411324662
Average loss at step 42000 : 3.62762027632
Average loss at step 44000 : 3.3350425697
Average loss at step 46000 : 3.24121754462
Average loss at step 48000 : 3.28994854107
Average loss at step 50000 : 3.17434579235
Average loss at step 52000 : 3.16554148021
Average loss at step 54000 : 2.96852813196
Average loss at step 56000 : 3.22676618093
Average loss at step 58000 : 3.37078498411
Average loss at step 60000 : 3.22917666429
Average loss at step 62000 : 3.21015886995
Average loss at step 64000 : 3.3089942764
Average loss at step 66000 : 3.20492336857
Average loss at step 68000 : 3.1632616379
Average loss at step 70000 : 3.30787363786
Average loss at step 72000 : 3.2716540719
Average loss at step 74000 : 3.20605303091
Average loss at step 76000 : 3.01095116352
Average loss at step 78000 : 3.09022223672
Average loss at step 80000 : 3.0055851547
Average loss at step 82000 : 3.00041604388
Average loss at step 84000 : 3.04861191612
Average loss at step 86000 : 3.04781050816
Average loss at step 88000 : 3.14752616404
Average loss at step 90000 : 3.04348969285
Average loss at step 92000 : 3.04939410792
Average loss at step 94000 : 3.06102883071
Average loss at step 96000 : 2.97648251657
Average loss at step 98000 : 2.95609348647
Average loss at step 100000 : 2.90723723288

: capital-common-countries



: capital-world



: currency



: city-in-state



: family



: gram1-adjective-to-adverb



: gram2-opposite



: gram3-comparative



: gram4-superlative



: gram5-present-participle



: gram6-nationality-adjective



: gram7-past-tense



: gram8-plural



: gram9-plural-verbs


Initialized
Average loss at step 2000 : 4.10758643401
Average loss at step 4000 : 3.5875206461
Average loss at step 6000 : 3.38722217417
Average loss at step 8000 : 3.23259492385
Average loss at step 10000 : 3.1486965183
Average loss at step 12000 : 3.18131047428
Average loss at step 14000 : 3.28028419363
Average loss at step 16000 : 3.40632412475
Average loss at step 18000 : 3.34964860213
Average loss at step 20000 : 3.31802717876
Average loss at step 22000 : 3.28574289596
Average loss at step 24000 : 3.17740138412
Average loss at step 26000 : 3.19625235587
Average loss at step 28000 : 3.01124816763
Average loss at step 30000 : 3.01730071235
Average loss at step 32000 : 3.28442135745
Average loss at step 34000 : 3.0286869458
Average loss at step 36000 : 2.91236404461
Average loss at step 38000 : 2.84714773947
Average loss at step 40000 : 3.33279342747
Average loss at step 42000 : 3.62520118368
Average loss at step 44000 : 3.32794972622
Average loss at step 46000 : 3.22927656013
Average loss at step 48000 : 3.28383056557
Average loss at step 50000 : 3.17035401496
Average loss at step 52000 : 3.15805070189
Average loss at step 54000 : 2.96282387401
Average loss at step 56000 : 3.21861683984
Average loss at step 58000 : 3.36847946703
Average loss at step 60000 : 3.22067722213
Average loss at step 62000 : 3.20256207412
Average loss at step 64000 : 3.30674198911
Average loss at step 66000 : 3.19622682047
Average loss at step 68000 : 3.15952038105
Average loss at step 70000 : 3.29826839314
Average loss at step 72000 : 3.2678202348
Average loss at step 74000 : 3.20300510061
Average loss at step 76000 : 3.00572421132
Average loss at step 78000 : 3.07678536981
Average loss at step 80000 : 2.99897564584
Average loss at step 82000 : 2.99340615064
Average loss at step 84000 : 3.04166375715
Average loss at step 86000 : 3.04407394564
Average loss at step 88000 : 3.14434268402
Average loss at step 90000 : 3.03200034171
Average loss at step 92000 : 3.04518452644
Average loss at step 94000 : 3.05522911587
Average loss at step 96000 : 2.96661596273
Average loss at step 98000 : 2.9457569623
Average loss at step 100000 : 2.89809702494

: capital-common-countries



: capital-world



: currency



: city-in-state



: family



: gram1-adjective-to-adverb


